[0.061s] Invoking command in '/home/nuri/ros2_urdf_tutorial_ws/build/my_robot_description': CMAKE_PREFIX_PATH=/opt/ros/humble /usr/bin/cmake --build /home/nuri/ros2_urdf_tutorial_ws/build/my_robot_description -- -j6 -l6
[0.088s] Invoked command in '/home/nuri/ros2_urdf_tutorial_ws/build/my_robot_description' returned '0': CMAKE_PREFIX_PATH=/opt/ros/humble /usr/bin/cmake --build /home/nuri/ros2_urdf_tutorial_ws/build/my_robot_description -- -j6 -l6
[0.111s] Invoking command in '/home/nuri/ros2_urdf_tutorial_ws/build/my_robot_description': CMAKE_PREFIX_PATH=/opt/ros/humble /usr/bin/cmake --install /home/nuri/ros2_urdf_tutorial_ws/build/my_robot_description
[0.116s] -- Install configuration: ""
[0.116s] -- Up-to-date: /home/nuri/ros2_urdf_tutorial_ws/install/my_robot_description/share/my_robot_description//urdf
[0.116s] -- Up-to-date: /home/nuri/ros2_urdf_tutorial_ws/install/my_robot_description/share/my_robot_description//urdf/my_robot.urdf
[0.116s] -- Up-to-date: /home/nuri/ros2_urdf_tutorial_ws/install/my_robot_description/share/my_robot_description//launch
[0.116s] -- Installing: /home/nuri/ros2_urdf_tutorial_ws/install/my_robot_description/share/my_robot_description//launch/display.launch.xml
[0.116s] -- Up-to-date: /home/nuri/ros2_urdf_tutorial_ws/install/my_robot_description/share/ament_index/resource_index/package_run_dependencies/my_robot_description
[0.116s] -- Up-to-date: /home/nuri/ros2_urdf_tutorial_ws/install/my_robot_description/share/ament_index/resource_index/parent_prefix_path/my_robot_description
[0.116s] -- Up-to-date: /home/nuri/ros2_urdf_tutorial_ws/install/my_robot_description/share/my_robot_description/environment/ament_prefix_path.sh
[0.116s] -- Up-to-date: /home/nuri/ros2_urdf_tutorial_ws/install/my_robot_description/share/my_robot_description/environment/ament_prefix_path.dsv
[0.116s] -- Up-to-date: /home/nuri/ros2_urdf_tutorial_ws/install/my_robot_description/share/my_robot_description/environment/path.sh
[0.117s] -- Up-to-date: /home/nuri/ros2_urdf_tutorial_ws/install/my_robot_description/share/my_robot_description/environment/path.dsv
[0.117s] -- Up-to-date: /home/nuri/ros2_urdf_tutorial_ws/install/my_robot_description/share/my_robot_description/local_setup.bash
[0.117s] -- Up-to-date: /home/nuri/ros2_urdf_tutorial_ws/install/my_robot_description/share/my_robot_description/local_setup.sh
[0.117s] -- Up-to-date: /home/nuri/ros2_urdf_tutorial_ws/install/my_robot_description/share/my_robot_description/local_setup.zsh
[0.117s] -- Up-to-date: /home/nuri/ros2_urdf_tutorial_ws/install/my_robot_description/share/my_robot_description/local_setup.dsv
[0.117s] -- Up-to-date: /home/nuri/ros2_urdf_tutorial_ws/install/my_robot_description/share/my_robot_description/package.dsv
[0.117s] -- Up-to-date: /home/nuri/ros2_urdf_tutorial_ws/install/my_robot_description/share/ament_index/resource_index/packages/my_robot_description
[0.117s] -- Up-to-date: /home/nuri/ros2_urdf_tutorial_ws/install/my_robot_description/share/my_robot_description/cmake/my_robot_descriptionConfig.cmake
[0.117s] -- Up-to-date: /home/nuri/ros2_urdf_tutorial_ws/install/my_robot_description/share/my_robot_description/cmake/my_robot_descriptionConfig-version.cmake
[0.117s] -- Up-to-date: /home/nuri/ros2_urdf_tutorial_ws/install/my_robot_description/share/my_robot_description/package.xml
[0.118s] Invoked command in '/home/nuri/ros2_urdf_tutorial_ws/build/my_robot_description' returned '0': CMAKE_PREFIX_PATH=/opt/ros/humble /usr/bin/cmake --install /home/nuri/ros2_urdf_tutorial_ws/build/my_robot_description
