[0.064s] Invoking command in '/home/nuri/ros2_urdf_tutorial_ws/build/my_robot_description': CMAKE_PREFIX_PATH=${CMAKE_PREFIX_PATH}:/opt/ros/humble /usr/bin/cmake --build /home/nuri/ros2_urdf_tutorial_ws/build/my_robot_description -- -j6 -l6
[0.119s] Invoked command in '/home/nuri/ros2_urdf_tutorial_ws/build/my_robot_description' returned '0': CMAKE_PREFIX_PATH=${CMAKE_PREFIX_PATH}:/opt/ros/humble /usr/bin/cmake --build /home/nuri/ros2_urdf_tutorial_ws/build/my_robot_description -- -j6 -l6
[0.141s] Invoking command in '/home/nuri/ros2_urdf_tutorial_ws/build/my_robot_description': CMAKE_PREFIX_PATH=${CMAKE_PREFIX_PATH}:/opt/ros/humble /usr/bin/cmake --install /home/nuri/ros2_urdf_tutorial_ws/build/my_robot_description
[0.147s] -- Install configuration: ""
[0.149s] -- Execute custom install script
[0.150s] -- Up-to-date symlink: /home/nuri/ros2_urdf_tutorial_ws/install/my_robot_description/share/my_robot_description//urdf/common_properties.xacro
[0.151s] -- Up-to-date symlink: /home/nuri/ros2_urdf_tutorial_ws/install/my_robot_description/share/my_robot_description//urdf/mobile_base.xacro
[0.152s] -- Symlinking: /home/nuri/ros2_urdf_tutorial_ws/install/my_robot_description/share/my_robot_description//urdf/mobile_base_gazebo.xacro
[0.158s] -- Up-to-date symlink: /home/nuri/ros2_urdf_tutorial_ws/install/my_robot_description/share/my_robot_description//urdf/my_robot.urdf.xacro
[0.158s] -- Up-to-date symlink: /home/nuri/ros2_urdf_tutorial_ws/install/my_robot_description/share/my_robot_description//launch/display.launch.py
[0.158s] -- Up-to-date symlink: /home/nuri/ros2_urdf_tutorial_ws/install/my_robot_description/share/my_robot_description//launch/display.launch.xml
[0.159s] -- Up-to-date symlink: /home/nuri/ros2_urdf_tutorial_ws/install/my_robot_description/share/my_robot_description//rviz/urdf_config.rviz
[0.159s] -- Up-to-date symlink: /home/nuri/ros2_urdf_tutorial_ws/install/my_robot_description/share/ament_index/resource_index/package_run_dependencies/my_robot_description
[0.159s] -- Up-to-date symlink: /home/nuri/ros2_urdf_tutorial_ws/install/my_robot_description/share/ament_index/resource_index/parent_prefix_path/my_robot_description
[0.160s] -- Up-to-date symlink: /home/nuri/ros2_urdf_tutorial_ws/install/my_robot_description/share/my_robot_description/environment/ament_prefix_path.sh
[0.160s] -- Up-to-date symlink: /home/nuri/ros2_urdf_tutorial_ws/install/my_robot_description/share/my_robot_description/environment/ament_prefix_path.dsv
[0.160s] -- Up-to-date symlink: /home/nuri/ros2_urdf_tutorial_ws/install/my_robot_description/share/my_robot_description/environment/path.sh
[0.160s] -- Up-to-date symlink: /home/nuri/ros2_urdf_tutorial_ws/install/my_robot_description/share/my_robot_description/environment/path.dsv
[0.161s] -- Up-to-date symlink: /home/nuri/ros2_urdf_tutorial_ws/install/my_robot_description/share/my_robot_description/local_setup.bash
[0.161s] -- Up-to-date symlink: /home/nuri/ros2_urdf_tutorial_ws/install/my_robot_description/share/my_robot_description/local_setup.sh
[0.162s] -- Up-to-date symlink: /home/nuri/ros2_urdf_tutorial_ws/install/my_robot_description/share/my_robot_description/local_setup.zsh
[0.162s] -- Up-to-date symlink: /home/nuri/ros2_urdf_tutorial_ws/install/my_robot_description/share/my_robot_description/local_setup.dsv
[0.162s] -- Symlinking: /home/nuri/ros2_urdf_tutorial_ws/install/my_robot_description/share/my_robot_description/package.dsv
[0.168s] -- Up-to-date symlink: /home/nuri/ros2_urdf_tutorial_ws/install/my_robot_description/share/ament_index/resource_index/packages/my_robot_description
[0.169s] -- Up-to-date symlink: /home/nuri/ros2_urdf_tutorial_ws/install/my_robot_description/share/my_robot_description/cmake/my_robot_descriptionConfig.cmake
[0.169s] -- Up-to-date symlink: /home/nuri/ros2_urdf_tutorial_ws/install/my_robot_description/share/my_robot_description/cmake/my_robot_descriptionConfig-version.cmake
[0.169s] -- Up-to-date symlink: /home/nuri/ros2_urdf_tutorial_ws/install/my_robot_description/share/my_robot_description/package.xml
[0.171s] Invoked command in '/home/nuri/ros2_urdf_tutorial_ws/build/my_robot_description' returned '0': CMAKE_PREFIX_PATH=${CMAKE_PREFIX_PATH}:/opt/ros/humble /usr/bin/cmake --install /home/nuri/ros2_urdf_tutorial_ws/build/my_robot_description
