[0.059s] Invoking command in '/home/nuri/ros2_urdf_tutorial_ws/build/my_robot_bringup': CMAKE_PREFIX_PATH=/home/nuri/ros2_urdf_tutorial_ws/install/my_robot_description:/home/nuri/ros2_urdf_tutorial_ws/install/my_robot_bringup:/opt/ros/humble /usr/bin/cmake /home/nuri/ros2_urdf_tutorial_ws/src/my_robot_bringup -DCMAKE_INSTALL_PREFIX=/home/nuri/ros2_urdf_tutorial_ws/install/my_robot_bringup
[0.069s] -- Found ament_cmake: 1.3.6 (/opt/ros/humble/share/ament_cmake/cmake)
[0.167s] -- Override CMake install command with custom implementation using symlinks instead of copying resources
[0.224s] -- Configuring done
[0.229s] -- Generating done
[0.230s] -- Build files have been written to: /home/nuri/ros2_urdf_tutorial_ws/build/my_robot_bringup
[0.232s] Invoked command in '/home/nuri/ros2_urdf_tutorial_ws/build/my_robot_bringup' returned '0': CMAKE_PREFIX_PATH=/home/nuri/ros2_urdf_tutorial_ws/install/my_robot_description:/home/nuri/ros2_urdf_tutorial_ws/install/my_robot_bringup:/opt/ros/humble /usr/bin/cmake /home/nuri/ros2_urdf_tutorial_ws/src/my_robot_bringup -DCMAKE_INSTALL_PREFIX=/home/nuri/ros2_urdf_tutorial_ws/install/my_robot_bringup
[0.233s] Invoking command in '/home/nuri/ros2_urdf_tutorial_ws/build/my_robot_bringup': CMAKE_PREFIX_PATH=/home/nuri/ros2_urdf_tutorial_ws/install/my_robot_description:/home/nuri/ros2_urdf_tutorial_ws/install/my_robot_bringup:/opt/ros/humble /usr/bin/cmake --build /home/nuri/ros2_urdf_tutorial_ws/build/my_robot_bringup -- -j6 -l6
[0.261s] Invoked command in '/home/nuri/ros2_urdf_tutorial_ws/build/my_robot_bringup' returned '0': CMAKE_PREFIX_PATH=/home/nuri/ros2_urdf_tutorial_ws/install/my_robot_description:/home/nuri/ros2_urdf_tutorial_ws/install/my_robot_bringup:/opt/ros/humble /usr/bin/cmake --build /home/nuri/ros2_urdf_tutorial_ws/build/my_robot_bringup -- -j6 -l6
[0.275s] Invoking command in '/home/nuri/ros2_urdf_tutorial_ws/build/my_robot_bringup': CMAKE_PREFIX_PATH=/home/nuri/ros2_urdf_tutorial_ws/install/my_robot_description:/home/nuri/ros2_urdf_tutorial_ws/install/my_robot_bringup:/opt/ros/humble /usr/bin/cmake --install /home/nuri/ros2_urdf_tutorial_ws/build/my_robot_bringup
[0.281s] -- Install configuration: ""
[0.281s] -- Execute custom install script
[0.282s] -- Up-to-date symlink: /home/nuri/ros2_urdf_tutorial_ws/install/my_robot_bringup/share/my_robot_bringup//launch/my_robot_gazebo.launch.xml
[0.282s] -- Symlinking: /home/nuri/ros2_urdf_tutorial_ws/install/my_robot_bringup/share/my_robot_bringup//launch/try_robot_arm.launch.xml
[0.289s] -- Up-to-date symlink: /home/nuri/ros2_urdf_tutorial_ws/install/my_robot_bringup/share/my_robot_bringup//rviz/urdf_config.rviz
[0.290s] -- Up-to-date symlink: /home/nuri/ros2_urdf_tutorial_ws/install/my_robot_bringup/share/my_robot_bringup//worlds/test_world.world
[0.290s] -- Up-to-date symlink: /home/nuri/ros2_urdf_tutorial_ws/install/my_robot_bringup/share/ament_index/resource_index/package_run_dependencies/my_robot_bringup
[0.290s] -- Up-to-date symlink: /home/nuri/ros2_urdf_tutorial_ws/install/my_robot_bringup/share/ament_index/resource_index/parent_prefix_path/my_robot_bringup
[0.290s] -- Up-to-date symlink: /home/nuri/ros2_urdf_tutorial_ws/install/my_robot_bringup/share/my_robot_bringup/environment/ament_prefix_path.sh
[0.291s] -- Up-to-date symlink: /home/nuri/ros2_urdf_tutorial_ws/install/my_robot_bringup/share/my_robot_bringup/environment/ament_prefix_path.dsv
[0.291s] -- Up-to-date symlink: /home/nuri/ros2_urdf_tutorial_ws/install/my_robot_bringup/share/my_robot_bringup/environment/path.sh
[0.291s] -- Up-to-date symlink: /home/nuri/ros2_urdf_tutorial_ws/install/my_robot_bringup/share/my_robot_bringup/environment/path.dsv
[0.291s] -- Up-to-date symlink: /home/nuri/ros2_urdf_tutorial_ws/install/my_robot_bringup/share/my_robot_bringup/local_setup.bash
[0.292s] -- Up-to-date symlink: /home/nuri/ros2_urdf_tutorial_ws/install/my_robot_bringup/share/my_robot_bringup/local_setup.sh
[0.292s] -- Up-to-date symlink: /home/nuri/ros2_urdf_tutorial_ws/install/my_robot_bringup/share/my_robot_bringup/local_setup.zsh
[0.292s] -- Up-to-date symlink: /home/nuri/ros2_urdf_tutorial_ws/install/my_robot_bringup/share/my_robot_bringup/local_setup.dsv
[0.292s] -- Symlinking: /home/nuri/ros2_urdf_tutorial_ws/install/my_robot_bringup/share/my_robot_bringup/package.dsv
[0.299s] -- Up-to-date symlink: /home/nuri/ros2_urdf_tutorial_ws/install/my_robot_bringup/share/ament_index/resource_index/packages/my_robot_bringup
[0.300s] -- Up-to-date symlink: /home/nuri/ros2_urdf_tutorial_ws/install/my_robot_bringup/share/my_robot_bringup/cmake/my_robot_bringupConfig.cmake
[0.300s] -- Up-to-date symlink: /home/nuri/ros2_urdf_tutorial_ws/install/my_robot_bringup/share/my_robot_bringup/cmake/my_robot_bringupConfig-version.cmake
[0.301s] -- Up-to-date symlink: /home/nuri/ros2_urdf_tutorial_ws/install/my_robot_bringup/share/my_robot_bringup/package.xml
[0.302s] Invoked command in '/home/nuri/ros2_urdf_tutorial_ws/build/my_robot_bringup' returned '0': CMAKE_PREFIX_PATH=/home/nuri/ros2_urdf_tutorial_ws/install/my_robot_description:/home/nuri/ros2_urdf_tutorial_ws/install/my_robot_bringup:/opt/ros/humble /usr/bin/cmake --install /home/nuri/ros2_urdf_tutorial_ws/build/my_robot_bringup
