[0.712s] DEBUG:colcon:Command line arguments: ['/usr/bin/colcon', 'build']
[0.712s] DEBUG:colcon:Parsed command line arguments: Namespace(log_base=None, log_level=None, verb_name='build', build_base='build', install_base='install', merge_install=False, symlink_install=False, test_result_base=None, continue_on_error=False, executor='parallel', parallel_workers=6, event_handlers=None, ignore_user_meta=False, metas=['./colcon.meta'], base_paths=['.'], packages_ignore=None, packages_ignore_regex=None, paths=None, packages_up_to=None, packages_up_to_regex=None, packages_above=None, packages_above_and_dependencies=None, packages_above_depth=None, packages_select_by_dep=None, packages_skip_by_dep=None, packages_skip_up_to=None, packages_select_build_failed=False, packages_skip_build_finished=False, packages_select_test_failures=False, packages_skip_test_passed=False, packages_select=None, packages_skip=None, packages_select_regex=None, packages_skip_regex=None, packages_start=None, packages_end=None, allow_overriding=[], cmake_args=None, cmake_target=None, cmake_target_skip_unavailable=False, cmake_clean_cache=False, cmake_clean_first=False, cmake_force_configure=False, ament_cmake_args=None, catkin_cmake_args=None, catkin_skip_building_tests=False, verb_parser=<colcon_defaults.argument_parser.defaults.DefaultArgumentsDecorator object at 0x7f1db67cc1c0>, verb_extension=<colcon_core.verb.build.BuildVerb object at 0x7f1db67cec80>, main=<bound method BuildVerb.main of <colcon_core.verb.build.BuildVerb object at 0x7f1db67cec80>>)
[0.746s] Level 1:colcon.colcon_core.package_discovery:discover_packages(colcon_meta) check parameters
[0.746s] Level 1:colcon.colcon_core.package_discovery:discover_packages(recursive) check parameters
[0.746s] Level 1:colcon.colcon_core.package_discovery:discover_packages(ignore) check parameters
[0.746s] Level 1:colcon.colcon_core.package_discovery:discover_packages(path) check parameters
[0.746s] Level 1:colcon.colcon_core.package_discovery:discover_packages(colcon_meta) discover
[0.746s] Level 1:colcon.colcon_core.package_discovery:discover_packages(recursive) discover
[0.746s] INFO:colcon.colcon_core.package_discovery:Crawling recursively for packages in '/home/nuri/ros2_urdf_tutorial_ws'
[0.746s] Level 1:colcon.colcon_core.package_identification:_identify(.) by extensions ['ignore', 'ignore_ament_install']
[0.746s] Level 1:colcon.colcon_core.package_identification:_identify(.) by extension 'ignore'
[0.746s] Level 1:colcon.colcon_core.package_identification:_identify(.) by extension 'ignore_ament_install'
[0.746s] Level 1:colcon.colcon_core.package_identification:_identify(.) by extensions ['colcon_pkg']
[0.746s] Level 1:colcon.colcon_core.package_identification:_identify(.) by extension 'colcon_pkg'
[0.746s] Level 1:colcon.colcon_core.package_identification:_identify(.) by extensions ['colcon_meta']
[0.747s] Level 1:colcon.colcon_core.package_identification:_identify(.) by extension 'colcon_meta'
[0.747s] Level 1:colcon.colcon_core.package_identification:_identify(.) by extensions ['ros']
[0.747s] Level 1:colcon.colcon_core.package_identification:_identify(.) by extension 'ros'
[0.755s] Level 1:colcon.colcon_core.package_identification:_identify(.) by extensions ['cmake', 'python']
[0.755s] Level 1:colcon.colcon_core.package_identification:_identify(.) by extension 'cmake'
[0.755s] Level 1:colcon.colcon_core.package_identification:_identify(.) by extension 'python'
[0.755s] Level 1:colcon.colcon_core.package_identification:_identify(.) by extensions ['python_setup_py']
[0.755s] Level 1:colcon.colcon_core.package_identification:_identify(.) by extension 'python_setup_py'
[0.755s] Level 1:colcon.colcon_core.package_identification:_identify(build) by extensions ['ignore', 'ignore_ament_install']
[0.755s] Level 1:colcon.colcon_core.package_identification:_identify(build) by extension 'ignore'
[0.755s] Level 1:colcon.colcon_core.package_identification:_identify(build) ignored
[0.755s] Level 1:colcon.colcon_core.package_identification:_identify(install) by extensions ['ignore', 'ignore_ament_install']
[0.755s] Level 1:colcon.colcon_core.package_identification:_identify(install) by extension 'ignore'
[0.755s] Level 1:colcon.colcon_core.package_identification:_identify(install) ignored
[0.755s] Level 1:colcon.colcon_core.package_identification:_identify(log) by extensions ['ignore', 'ignore_ament_install']
[0.756s] Level 1:colcon.colcon_core.package_identification:_identify(log) by extension 'ignore'
[0.756s] Level 1:colcon.colcon_core.package_identification:_identify(log) ignored
[0.756s] Level 1:colcon.colcon_core.package_identification:_identify(ros2_urdf_tutorial) by extensions ['ignore', 'ignore_ament_install']
[0.756s] Level 1:colcon.colcon_core.package_identification:_identify(ros2_urdf_tutorial) by extension 'ignore'
[0.756s] Level 1:colcon.colcon_core.package_identification:_identify(ros2_urdf_tutorial) by extension 'ignore_ament_install'
[0.756s] Level 1:colcon.colcon_core.package_identification:_identify(ros2_urdf_tutorial) by extensions ['colcon_pkg']
[0.756s] Level 1:colcon.colcon_core.package_identification:_identify(ros2_urdf_tutorial) by extension 'colcon_pkg'
[0.756s] Level 1:colcon.colcon_core.package_identification:_identify(ros2_urdf_tutorial) by extensions ['colcon_meta']
[0.756s] Level 1:colcon.colcon_core.package_identification:_identify(ros2_urdf_tutorial) by extension 'colcon_meta'
[0.756s] Level 1:colcon.colcon_core.package_identification:_identify(ros2_urdf_tutorial) by extensions ['ros']
[0.756s] Level 1:colcon.colcon_core.package_identification:_identify(ros2_urdf_tutorial) by extension 'ros'
[0.756s] Level 1:colcon.colcon_core.package_identification:_identify(ros2_urdf_tutorial) by extensions ['cmake', 'python']
[0.756s] Level 1:colcon.colcon_core.package_identification:_identify(ros2_urdf_tutorial) by extension 'cmake'
[0.756s] Level 1:colcon.colcon_core.package_identification:_identify(ros2_urdf_tutorial) by extension 'python'
[0.756s] Level 1:colcon.colcon_core.package_identification:_identify(ros2_urdf_tutorial) by extensions ['python_setup_py']
[0.756s] Level 1:colcon.colcon_core.package_identification:_identify(ros2_urdf_tutorial) by extension 'python_setup_py'
[0.756s] Level 1:colcon.colcon_core.package_identification:_identify(src) by extensions ['ignore', 'ignore_ament_install']
[0.756s] Level 1:colcon.colcon_core.package_identification:_identify(src) by extension 'ignore'
[0.756s] Level 1:colcon.colcon_core.package_identification:_identify(src) by extension 'ignore_ament_install'
[0.756s] Level 1:colcon.colcon_core.package_identification:_identify(src) by extensions ['colcon_pkg']
[0.756s] Level 1:colcon.colcon_core.package_identification:_identify(src) by extension 'colcon_pkg'
[0.756s] Level 1:colcon.colcon_core.package_identification:_identify(src) by extensions ['colcon_meta']
[0.756s] Level 1:colcon.colcon_core.package_identification:_identify(src) by extension 'colcon_meta'
[0.756s] Level 1:colcon.colcon_core.package_identification:_identify(src) by extensions ['ros']
[0.756s] Level 1:colcon.colcon_core.package_identification:_identify(src) by extension 'ros'
[0.757s] Level 1:colcon.colcon_core.package_identification:_identify(src) by extensions ['cmake', 'python']
[0.757s] Level 1:colcon.colcon_core.package_identification:_identify(src) by extension 'cmake'
[0.757s] Level 1:colcon.colcon_core.package_identification:_identify(src) by extension 'python'
[0.757s] Level 1:colcon.colcon_core.package_identification:_identify(src) by extensions ['python_setup_py']
[0.757s] Level 1:colcon.colcon_core.package_identification:_identify(src) by extension 'python_setup_py'
[0.757s] Level 1:colcon.colcon_core.package_identification:_identify(src/my_robot_bringup) by extensions ['ignore', 'ignore_ament_install']
[0.757s] Level 1:colcon.colcon_core.package_identification:_identify(src/my_robot_bringup) by extension 'ignore'
[0.757s] Level 1:colcon.colcon_core.package_identification:_identify(src/my_robot_bringup) by extension 'ignore_ament_install'
[0.757s] Level 1:colcon.colcon_core.package_identification:_identify(src/my_robot_bringup) by extensions ['colcon_pkg']
[0.757s] Level 1:colcon.colcon_core.package_identification:_identify(src/my_robot_bringup) by extension 'colcon_pkg'
[0.757s] Level 1:colcon.colcon_core.package_identification:_identify(src/my_robot_bringup) by extensions ['colcon_meta']
[0.757s] Level 1:colcon.colcon_core.package_identification:_identify(src/my_robot_bringup) by extension 'colcon_meta'
[0.757s] Level 1:colcon.colcon_core.package_identification:_identify(src/my_robot_bringup) by extensions ['ros']
[0.757s] Level 1:colcon.colcon_core.package_identification:_identify(src/my_robot_bringup) by extension 'ros'
[0.759s] DEBUG:colcon.colcon_core.package_identification:Package 'src/my_robot_bringup' with type 'ros.ament_cmake' and name 'my_robot_bringup'
[0.759s] Level 1:colcon.colcon_core.package_identification:_identify(src/my_robot_description) by extensions ['ignore', 'ignore_ament_install']
[0.759s] Level 1:colcon.colcon_core.package_identification:_identify(src/my_robot_description) by extension 'ignore'
[0.759s] Level 1:colcon.colcon_core.package_identification:_identify(src/my_robot_description) by extension 'ignore_ament_install'
[0.759s] Level 1:colcon.colcon_core.package_identification:_identify(src/my_robot_description) by extensions ['colcon_pkg']
[0.759s] Level 1:colcon.colcon_core.package_identification:_identify(src/my_robot_description) by extension 'colcon_pkg'
[0.759s] Level 1:colcon.colcon_core.package_identification:_identify(src/my_robot_description) by extensions ['colcon_meta']
[0.759s] Level 1:colcon.colcon_core.package_identification:_identify(src/my_robot_description) by extension 'colcon_meta'
[0.759s] Level 1:colcon.colcon_core.package_identification:_identify(src/my_robot_description) by extensions ['ros']
[0.759s] Level 1:colcon.colcon_core.package_identification:_identify(src/my_robot_description) by extension 'ros'
[0.759s] DEBUG:colcon.colcon_core.package_identification:Package 'src/my_robot_description' with type 'ros.ament_cmake' and name 'my_robot_description'
[0.759s] Level 1:colcon.colcon_core.package_discovery:discover_packages(recursive) using defaults
[0.759s] Level 1:colcon.colcon_core.package_discovery:discover_packages(ignore) discover
[0.760s] Level 1:colcon.colcon_core.package_discovery:discover_packages(ignore) using defaults
[0.760s] Level 1:colcon.colcon_core.package_discovery:discover_packages(path) discover
[0.760s] Level 1:colcon.colcon_core.package_discovery:discover_packages(path) using defaults
[0.825s] Level 1:colcon.colcon_core.package_discovery:discover_packages(prefix_path) check parameters
[0.825s] Level 1:colcon.colcon_core.package_discovery:discover_packages(prefix_path) discover
[0.847s] DEBUG:colcon.colcon_installed_package_information.package_discovery:Found 2 installed packages in /home/nuri/ros2_urdf_tutorial_ws/install
[0.857s] DEBUG:colcon.colcon_installed_package_information.package_discovery:Found 0 installed packages in /home/nuri/ros2_ws/src/install
[0.868s] DEBUG:colcon.colcon_installed_package_information.package_discovery:Found 326 installed packages in /opt/ros/humble
[0.869s] Level 1:colcon.colcon_core.package_discovery:discover_packages(prefix_path) using defaults
[0.939s] Level 5:colcon.colcon_core.verb:set package 'my_robot_description' build argument 'cmake_args' from command line to 'None'
[0.939s] Level 5:colcon.colcon_core.verb:set package 'my_robot_description' build argument 'cmake_target' from command line to 'None'
[0.939s] Level 5:colcon.colcon_core.verb:set package 'my_robot_description' build argument 'cmake_target_skip_unavailable' from command line to 'False'
[0.939s] Level 5:colcon.colcon_core.verb:set package 'my_robot_description' build argument 'cmake_clean_cache' from command line to 'False'
[0.939s] Level 5:colcon.colcon_core.verb:set package 'my_robot_description' build argument 'cmake_clean_first' from command line to 'False'
[0.939s] Level 5:colcon.colcon_core.verb:set package 'my_robot_description' build argument 'cmake_force_configure' from command line to 'False'
[0.939s] Level 5:colcon.colcon_core.verb:set package 'my_robot_description' build argument 'ament_cmake_args' from command line to 'None'
[0.939s] Level 5:colcon.colcon_core.verb:set package 'my_robot_description' build argument 'catkin_cmake_args' from command line to 'None'
[0.939s] Level 5:colcon.colcon_core.verb:set package 'my_robot_description' build argument 'catkin_skip_building_tests' from command line to 'False'
[0.939s] DEBUG:colcon.colcon_core.verb:Building package 'my_robot_description' with the following arguments: {'ament_cmake_args': None, 'build_base': '/home/nuri/ros2_urdf_tutorial_ws/build/my_robot_description', 'catkin_cmake_args': None, 'catkin_skip_building_tests': False, 'cmake_args': None, 'cmake_clean_cache': False, 'cmake_clean_first': False, 'cmake_force_configure': False, 'cmake_target': None, 'cmake_target_skip_unavailable': False, 'install_base': '/home/nuri/ros2_urdf_tutorial_ws/install/my_robot_description', 'merge_install': False, 'path': '/home/nuri/ros2_urdf_tutorial_ws/src/my_robot_description', 'symlink_install': False, 'test_result_base': None}
[0.950s] Level 5:colcon.colcon_core.verb:set package 'my_robot_bringup' build argument 'cmake_args' from command line to 'None'
[0.950s] Level 5:colcon.colcon_core.verb:set package 'my_robot_bringup' build argument 'cmake_target' from command line to 'None'
[0.950s] Level 5:colcon.colcon_core.verb:set package 'my_robot_bringup' build argument 'cmake_target_skip_unavailable' from command line to 'False'
[0.950s] Level 5:colcon.colcon_core.verb:set package 'my_robot_bringup' build argument 'cmake_clean_cache' from command line to 'False'
[0.950s] Level 5:colcon.colcon_core.verb:set package 'my_robot_bringup' build argument 'cmake_clean_first' from command line to 'False'
[0.950s] Level 5:colcon.colcon_core.verb:set package 'my_robot_bringup' build argument 'cmake_force_configure' from command line to 'False'
[0.950s] Level 5:colcon.colcon_core.verb:set package 'my_robot_bringup' build argument 'ament_cmake_args' from command line to 'None'
[0.950s] Level 5:colcon.colcon_core.verb:set package 'my_robot_bringup' build argument 'catkin_cmake_args' from command line to 'None'
[0.950s] Level 5:colcon.colcon_core.verb:set package 'my_robot_bringup' build argument 'catkin_skip_building_tests' from command line to 'False'
[0.950s] DEBUG:colcon.colcon_core.verb:Building package 'my_robot_bringup' with the following arguments: {'ament_cmake_args': None, 'build_base': '/home/nuri/ros2_urdf_tutorial_ws/build/my_robot_bringup', 'catkin_cmake_args': None, 'catkin_skip_building_tests': False, 'cmake_args': None, 'cmake_clean_cache': False, 'cmake_clean_first': False, 'cmake_force_configure': False, 'cmake_target': None, 'cmake_target_skip_unavailable': False, 'install_base': '/home/nuri/ros2_urdf_tutorial_ws/install/my_robot_bringup', 'merge_install': False, 'path': '/home/nuri/ros2_urdf_tutorial_ws/src/my_robot_bringup', 'symlink_install': False, 'test_result_base': None}
[0.960s] INFO:colcon.colcon_core.executor:Executing jobs using 'parallel' executor
[0.971s] DEBUG:colcon.colcon_parallel_executor.executor.parallel:run_until_complete
[0.971s] INFO:colcon.colcon_ros.task.ament_cmake.build:Building ROS package in '/home/nuri/ros2_urdf_tutorial_ws/src/my_robot_description' with build type 'ament_cmake'
[0.971s] INFO:colcon.colcon_cmake.task.cmake.build:Building CMake package in '/home/nuri/ros2_urdf_tutorial_ws/src/my_robot_description'
[0.983s] INFO:colcon.colcon_core.plugin_system:Skipping extension 'colcon_core.shell.bat': Not used on non-Windows systems
[0.983s] INFO:colcon.colcon_core.shell:Skip shell extension 'powershell' for command environment: Not usable outside of PowerShell
[0.983s] DEBUG:colcon.colcon_core.shell:Skip shell extension 'dsv' for command environment
[1.031s] DEBUG:colcon.colcon_core.event_handler.log_command:Invoking command in '/home/nuri/ros2_urdf_tutorial_ws/build/my_robot_description': CMAKE_PREFIX_PATH=${CMAKE_PREFIX_PATH}:/opt/ros/humble /usr/bin/cmake --build /home/nuri/ros2_urdf_tutorial_ws/build/my_robot_description -- -j6 -l6
[1.059s] DEBUG:colcon.colcon_core.event_handler.log_command:Invoked command in '/home/nuri/ros2_urdf_tutorial_ws/build/my_robot_description' returned '0': CMAKE_PREFIX_PATH=${CMAKE_PREFIX_PATH}:/opt/ros/humble /usr/bin/cmake --build /home/nuri/ros2_urdf_tutorial_ws/build/my_robot_description -- -j6 -l6
[1.079s] DEBUG:colcon.colcon_core.event_handler.log_command:Invoking command in '/home/nuri/ros2_urdf_tutorial_ws/build/my_robot_description': CMAKE_PREFIX_PATH=${CMAKE_PREFIX_PATH}:/opt/ros/humble /usr/bin/cmake --install /home/nuri/ros2_urdf_tutorial_ws/build/my_robot_description
[1.096s] Level 1:colcon.colcon_core.environment:create_environment_scripts_only(my_robot_description)
[1.096s] DEBUG:colcon.colcon_core.event_handler.log_command:Invoked command in '/home/nuri/ros2_urdf_tutorial_ws/build/my_robot_description' returned '0': CMAKE_PREFIX_PATH=${CMAKE_PREFIX_PATH}:/opt/ros/humble /usr/bin/cmake --install /home/nuri/ros2_urdf_tutorial_ws/build/my_robot_description
[1.108s] Level 1:colcon.colcon_core.environment:checking '/home/nuri/ros2_urdf_tutorial_ws/install/my_robot_description' for CMake module files
[1.108s] Level 1:colcon.colcon_core.environment:checking '/home/nuri/ros2_urdf_tutorial_ws/install/my_robot_description' for CMake config files
[1.108s] Level 1:colcon.colcon_core.shell:create_environment_hook('my_robot_description', 'cmake_prefix_path')
[1.119s] INFO:colcon.colcon_core.shell:Creating environment hook '/home/nuri/ros2_urdf_tutorial_ws/install/my_robot_description/share/my_robot_description/hook/cmake_prefix_path.ps1'
[1.119s] INFO:colcon.colcon_core.shell:Creating environment descriptor '/home/nuri/ros2_urdf_tutorial_ws/install/my_robot_description/share/my_robot_description/hook/cmake_prefix_path.dsv'
[1.119s] INFO:colcon.colcon_core.shell:Creating environment hook '/home/nuri/ros2_urdf_tutorial_ws/install/my_robot_description/share/my_robot_description/hook/cmake_prefix_path.sh'
[1.120s] Level 1:colcon.colcon_core.environment:checking '/home/nuri/ros2_urdf_tutorial_ws/install/my_robot_description/bin'
[1.120s] Level 1:colcon.colcon_core.environment:checking '/home/nuri/ros2_urdf_tutorial_ws/install/my_robot_description/lib/pkgconfig/my_robot_description.pc'
[1.120s] Level 1:colcon.colcon_core.environment:checking '/home/nuri/ros2_urdf_tutorial_ws/install/my_robot_description/lib/python3.10/site-packages'
[1.120s] Level 1:colcon.colcon_core.environment:checking '/home/nuri/ros2_urdf_tutorial_ws/install/my_robot_description/bin'
[1.131s] INFO:colcon.colcon_core.shell:Creating package script '/home/nuri/ros2_urdf_tutorial_ws/install/my_robot_description/share/my_robot_description/package.ps1'
[1.131s] INFO:colcon.colcon_core.shell:Creating package descriptor '/home/nuri/ros2_urdf_tutorial_ws/install/my_robot_description/share/my_robot_description/package.dsv'
[1.132s] INFO:colcon.colcon_core.shell:Creating package script '/home/nuri/ros2_urdf_tutorial_ws/install/my_robot_description/share/my_robot_description/package.sh'
[1.132s] INFO:colcon.colcon_core.shell:Creating package script '/home/nuri/ros2_urdf_tutorial_ws/install/my_robot_description/share/my_robot_description/package.bash'
[1.133s] INFO:colcon.colcon_core.shell:Creating package script '/home/nuri/ros2_urdf_tutorial_ws/install/my_robot_description/share/my_robot_description/package.zsh'
[1.133s] Level 1:colcon.colcon_core.environment:create_file_with_runtime_dependencies(/home/nuri/ros2_urdf_tutorial_ws/install/my_robot_description/share/colcon-core/packages/my_robot_description)
[1.158s] Level 1:colcon.colcon_core.environment:create_environment_scripts_only(my_robot_description)
[1.169s] Level 1:colcon.colcon_core.environment:checking '/home/nuri/ros2_urdf_tutorial_ws/install/my_robot_description' for CMake module files
[1.169s] Level 1:colcon.colcon_core.environment:checking '/home/nuri/ros2_urdf_tutorial_ws/install/my_robot_description' for CMake config files
[1.169s] Level 1:colcon.colcon_core.shell:create_environment_hook('my_robot_description', 'cmake_prefix_path')
[1.180s] INFO:colcon.colcon_core.shell:Creating environment hook '/home/nuri/ros2_urdf_tutorial_ws/install/my_robot_description/share/my_robot_description/hook/cmake_prefix_path.ps1'
[1.180s] INFO:colcon.colcon_core.shell:Creating environment descriptor '/home/nuri/ros2_urdf_tutorial_ws/install/my_robot_description/share/my_robot_description/hook/cmake_prefix_path.dsv'
[1.180s] INFO:colcon.colcon_core.shell:Creating environment hook '/home/nuri/ros2_urdf_tutorial_ws/install/my_robot_description/share/my_robot_description/hook/cmake_prefix_path.sh'
[1.181s] Level 1:colcon.colcon_core.environment:checking '/home/nuri/ros2_urdf_tutorial_ws/install/my_robot_description/bin'
[1.181s] Level 1:colcon.colcon_core.environment:checking '/home/nuri/ros2_urdf_tutorial_ws/install/my_robot_description/lib/pkgconfig/my_robot_description.pc'
[1.181s] Level 1:colcon.colcon_core.environment:checking '/home/nuri/ros2_urdf_tutorial_ws/install/my_robot_description/lib/python3.10/site-packages'
[1.181s] Level 1:colcon.colcon_core.environment:checking '/home/nuri/ros2_urdf_tutorial_ws/install/my_robot_description/bin'
[1.200s] INFO:colcon.colcon_core.shell:Creating package script '/home/nuri/ros2_urdf_tutorial_ws/install/my_robot_description/share/my_robot_description/package.ps1'
[1.201s] INFO:colcon.colcon_core.shell:Creating package descriptor '/home/nuri/ros2_urdf_tutorial_ws/install/my_robot_description/share/my_robot_description/package.dsv'
[1.201s] INFO:colcon.colcon_core.shell:Creating package script '/home/nuri/ros2_urdf_tutorial_ws/install/my_robot_description/share/my_robot_description/package.sh'
[1.201s] INFO:colcon.colcon_core.shell:Creating package script '/home/nuri/ros2_urdf_tutorial_ws/install/my_robot_description/share/my_robot_description/package.bash'
[1.202s] INFO:colcon.colcon_core.shell:Creating package script '/home/nuri/ros2_urdf_tutorial_ws/install/my_robot_description/share/my_robot_description/package.zsh'
[1.202s] Level 1:colcon.colcon_core.environment:create_file_with_runtime_dependencies(/home/nuri/ros2_urdf_tutorial_ws/install/my_robot_description/share/colcon-core/packages/my_robot_description)
[1.202s] INFO:colcon.colcon_ros.task.ament_cmake.build:Building ROS package in '/home/nuri/ros2_urdf_tutorial_ws/src/my_robot_bringup' with build type 'ament_cmake'
[1.202s] INFO:colcon.colcon_cmake.task.cmake.build:Building CMake package in '/home/nuri/ros2_urdf_tutorial_ws/src/my_robot_bringup'
[1.213s] INFO:colcon.colcon_core.shell:Skip shell extension 'powershell' for command environment: Not usable outside of PowerShell
[1.213s] DEBUG:colcon.colcon_core.shell:Skip shell extension 'dsv' for command environment
[1.259s] DEBUG:colcon.colcon_core.event_handler.log_command:Invoking command in '/home/nuri/ros2_urdf_tutorial_ws/build/my_robot_bringup': CMAKE_PREFIX_PATH=/home/nuri/ros2_urdf_tutorial_ws/install/my_robot_description:/home/nuri/ros2_urdf_tutorial_ws/install/my_robot_bringup:/opt/ros/humble /usr/bin/cmake --build /home/nuri/ros2_urdf_tutorial_ws/build/my_robot_bringup -- -j6 -l6
[1.286s] DEBUG:colcon.colcon_core.event_handler.log_command:Invoked command in '/home/nuri/ros2_urdf_tutorial_ws/build/my_robot_bringup' returned '0': CMAKE_PREFIX_PATH=/home/nuri/ros2_urdf_tutorial_ws/install/my_robot_description:/home/nuri/ros2_urdf_tutorial_ws/install/my_robot_bringup:/opt/ros/humble /usr/bin/cmake --build /home/nuri/ros2_urdf_tutorial_ws/build/my_robot_bringup -- -j6 -l6
[1.300s] DEBUG:colcon.colcon_core.event_handler.log_command:Invoking command in '/home/nuri/ros2_urdf_tutorial_ws/build/my_robot_bringup': CMAKE_PREFIX_PATH=/home/nuri/ros2_urdf_tutorial_ws/install/my_robot_description:/home/nuri/ros2_urdf_tutorial_ws/install/my_robot_bringup:/opt/ros/humble /usr/bin/cmake --install /home/nuri/ros2_urdf_tutorial_ws/build/my_robot_bringup
[1.315s] Level 1:colcon.colcon_core.environment:create_environment_scripts_only(my_robot_bringup)
[1.315s] DEBUG:colcon.colcon_core.event_handler.log_command:Invoked command in '/home/nuri/ros2_urdf_tutorial_ws/build/my_robot_bringup' returned '0': CMAKE_PREFIX_PATH=/home/nuri/ros2_urdf_tutorial_ws/install/my_robot_description:/home/nuri/ros2_urdf_tutorial_ws/install/my_robot_bringup:/opt/ros/humble /usr/bin/cmake --install /home/nuri/ros2_urdf_tutorial_ws/build/my_robot_bringup
[1.326s] Level 1:colcon.colcon_core.environment:checking '/home/nuri/ros2_urdf_tutorial_ws/install/my_robot_bringup' for CMake module files
[1.326s] Level 1:colcon.colcon_core.environment:checking '/home/nuri/ros2_urdf_tutorial_ws/install/my_robot_bringup' for CMake config files
[1.327s] Level 1:colcon.colcon_core.shell:create_environment_hook('my_robot_bringup', 'cmake_prefix_path')
[1.337s] INFO:colcon.colcon_core.shell:Creating environment hook '/home/nuri/ros2_urdf_tutorial_ws/install/my_robot_bringup/share/my_robot_bringup/hook/cmake_prefix_path.ps1'
[1.337s] INFO:colcon.colcon_core.shell:Creating environment descriptor '/home/nuri/ros2_urdf_tutorial_ws/install/my_robot_bringup/share/my_robot_bringup/hook/cmake_prefix_path.dsv'
[1.338s] INFO:colcon.colcon_core.shell:Creating environment hook '/home/nuri/ros2_urdf_tutorial_ws/install/my_robot_bringup/share/my_robot_bringup/hook/cmake_prefix_path.sh'
[1.338s] Level 1:colcon.colcon_core.environment:checking '/home/nuri/ros2_urdf_tutorial_ws/install/my_robot_bringup/bin'
[1.338s] Level 1:colcon.colcon_core.environment:checking '/home/nuri/ros2_urdf_tutorial_ws/install/my_robot_bringup/lib/pkgconfig/my_robot_bringup.pc'
[1.338s] Level 1:colcon.colcon_core.environment:checking '/home/nuri/ros2_urdf_tutorial_ws/install/my_robot_bringup/lib/python3.10/site-packages'
[1.338s] Level 1:colcon.colcon_core.environment:checking '/home/nuri/ros2_urdf_tutorial_ws/install/my_robot_bringup/bin'
[1.349s] INFO:colcon.colcon_core.shell:Creating package script '/home/nuri/ros2_urdf_tutorial_ws/install/my_robot_bringup/share/my_robot_bringup/package.ps1'
[1.349s] INFO:colcon.colcon_core.shell:Creating package descriptor '/home/nuri/ros2_urdf_tutorial_ws/install/my_robot_bringup/share/my_robot_bringup/package.dsv'
[1.349s] INFO:colcon.colcon_core.shell:Creating package script '/home/nuri/ros2_urdf_tutorial_ws/install/my_robot_bringup/share/my_robot_bringup/package.sh'
[1.350s] INFO:colcon.colcon_core.shell:Creating package script '/home/nuri/ros2_urdf_tutorial_ws/install/my_robot_bringup/share/my_robot_bringup/package.bash'
[1.350s] INFO:colcon.colcon_core.shell:Creating package script '/home/nuri/ros2_urdf_tutorial_ws/install/my_robot_bringup/share/my_robot_bringup/package.zsh'
[1.350s] Level 1:colcon.colcon_core.environment:create_file_with_runtime_dependencies(/home/nuri/ros2_urdf_tutorial_ws/install/my_robot_bringup/share/colcon-core/packages/my_robot_bringup)
[1.374s] Level 1:colcon.colcon_core.environment:create_environment_scripts_only(my_robot_bringup)
[1.384s] Level 1:colcon.colcon_core.environment:checking '/home/nuri/ros2_urdf_tutorial_ws/install/my_robot_bringup' for CMake module files
[1.385s] Level 1:colcon.colcon_core.environment:checking '/home/nuri/ros2_urdf_tutorial_ws/install/my_robot_bringup' for CMake config files
[1.385s] Level 1:colcon.colcon_core.shell:create_environment_hook('my_robot_bringup', 'cmake_prefix_path')
[1.395s] INFO:colcon.colcon_core.shell:Creating environment hook '/home/nuri/ros2_urdf_tutorial_ws/install/my_robot_bringup/share/my_robot_bringup/hook/cmake_prefix_path.ps1'
[1.395s] INFO:colcon.colcon_core.shell:Creating environment descriptor '/home/nuri/ros2_urdf_tutorial_ws/install/my_robot_bringup/share/my_robot_bringup/hook/cmake_prefix_path.dsv'
[1.396s] INFO:colcon.colcon_core.shell:Creating environment hook '/home/nuri/ros2_urdf_tutorial_ws/install/my_robot_bringup/share/my_robot_bringup/hook/cmake_prefix_path.sh'
[1.396s] Level 1:colcon.colcon_core.environment:checking '/home/nuri/ros2_urdf_tutorial_ws/install/my_robot_bringup/bin'
[1.396s] Level 1:colcon.colcon_core.environment:checking '/home/nuri/ros2_urdf_tutorial_ws/install/my_robot_bringup/lib/pkgconfig/my_robot_bringup.pc'
[1.396s] Level 1:colcon.colcon_core.environment:checking '/home/nuri/ros2_urdf_tutorial_ws/install/my_robot_bringup/lib/python3.10/site-packages'
[1.396s] Level 1:colcon.colcon_core.environment:checking '/home/nuri/ros2_urdf_tutorial_ws/install/my_robot_bringup/bin'
[1.407s] INFO:colcon.colcon_core.shell:Creating package script '/home/nuri/ros2_urdf_tutorial_ws/install/my_robot_bringup/share/my_robot_bringup/package.ps1'
[1.407s] INFO:colcon.colcon_core.shell:Creating package descriptor '/home/nuri/ros2_urdf_tutorial_ws/install/my_robot_bringup/share/my_robot_bringup/package.dsv'
[1.407s] INFO:colcon.colcon_core.shell:Creating package script '/home/nuri/ros2_urdf_tutorial_ws/install/my_robot_bringup/share/my_robot_bringup/package.sh'
[1.407s] INFO:colcon.colcon_core.shell:Creating package script '/home/nuri/ros2_urdf_tutorial_ws/install/my_robot_bringup/share/my_robot_bringup/package.bash'
[1.408s] INFO:colcon.colcon_core.shell:Creating package script '/home/nuri/ros2_urdf_tutorial_ws/install/my_robot_bringup/share/my_robot_bringup/package.zsh'
[1.408s] Level 1:colcon.colcon_core.environment:create_file_with_runtime_dependencies(/home/nuri/ros2_urdf_tutorial_ws/install/my_robot_bringup/share/colcon-core/packages/my_robot_bringup)
[1.408s] DEBUG:colcon.colcon_parallel_executor.executor.parallel:closing loop
[1.408s] DEBUG:colcon.colcon_parallel_executor.executor.parallel:loop closed
[1.408s] DEBUG:colcon.colcon_parallel_executor.executor.parallel:run_until_complete finished with '0'
[1.408s] DEBUG:colcon.colcon_core.event_reactor:joining thread
[1.422s] INFO:colcon.colcon_core.plugin_system:Skipping extension 'colcon_notification.desktop_notification.terminal_notifier': Not used on non-Darwin systems
[1.422s] INFO:colcon.colcon_core.plugin_system:Skipping extension 'colcon_notification.desktop_notification.win32': Not used on non-Windows systems
[1.422s] INFO:colcon.colcon_notification.desktop_notification:Sending desktop notification using 'notify2'
[1.431s] DEBUG:colcon.colcon_core.event_reactor:joined thread
[1.442s] INFO:colcon.colcon_core.shell:Creating prefix script '/home/nuri/ros2_urdf_tutorial_ws/install/local_setup.ps1'
[1.443s] INFO:colcon.colcon_core.shell:Creating prefix util module '/home/nuri/ros2_urdf_tutorial_ws/install/_local_setup_util_ps1.py'
[1.444s] INFO:colcon.colcon_core.shell:Creating prefix chain script '/home/nuri/ros2_urdf_tutorial_ws/install/setup.ps1'
[1.454s] INFO:colcon.colcon_core.shell:Creating prefix script '/home/nuri/ros2_urdf_tutorial_ws/install/local_setup.sh'
[1.455s] INFO:colcon.colcon_core.shell:Creating prefix util module '/home/nuri/ros2_urdf_tutorial_ws/install/_local_setup_util_sh.py'
[1.455s] INFO:colcon.colcon_core.shell:Creating prefix chain script '/home/nuri/ros2_urdf_tutorial_ws/install/setup.sh'
[1.466s] INFO:colcon.colcon_core.shell:Creating prefix script '/home/nuri/ros2_urdf_tutorial_ws/install/local_setup.bash'
[1.466s] INFO:colcon.colcon_core.shell:Creating prefix chain script '/home/nuri/ros2_urdf_tutorial_ws/install/setup.bash'
[1.477s] INFO:colcon.colcon_core.shell:Creating prefix script '/home/nuri/ros2_urdf_tutorial_ws/install/local_setup.zsh'
[1.478s] INFO:colcon.colcon_core.shell:Creating prefix chain script '/home/nuri/ros2_urdf_tutorial_ws/install/setup.zsh'
