[0.060s] Invoking command in '/home/nuri/ros2_urdf_tutorial_ws/build/my_robot_description': CMAKE_PREFIX_PATH=${CMAKE_PREFIX_PATH}:/opt/ros/humble /usr/bin/cmake /home/nuri/ros2_urdf_tutorial_ws/src/my_robot_description -DAMENT_CMAKE_SYMLINK_INSTALL=1 -DCMAKE_INSTALL_PREFIX=/home/nuri/ros2_urdf_tutorial_ws/install/my_robot_description
[0.073s] -- Found ament_cmake: 1.3.6 (/opt/ros/humble/share/ament_cmake/cmake)
[0.176s] -- Override CMake install command with custom implementation using symlinks instead of copying resources
[0.235s] -- Configuring done
[0.238s] -- Generating done
[0.239s] -- Build files have been written to: /home/nuri/ros2_urdf_tutorial_ws/build/my_robot_description
[0.241s] Invoked command in '/home/nuri/ros2_urdf_tutorial_ws/build/my_robot_description' returned '0': CMAKE_PREFIX_PATH=${CMAKE_PREFIX_PATH}:/opt/ros/humble /usr/bin/cmake /home/nuri/ros2_urdf_tutorial_ws/src/my_robot_description -DAMENT_CMAKE_SYMLINK_INSTALL=1 -DCMAKE_INSTALL_PREFIX=/home/nuri/ros2_urdf_tutorial_ws/install/my_robot_description
[0.243s] Invoking command in '/home/nuri/ros2_urdf_tutorial_ws/build/my_robot_description': CMAKE_PREFIX_PATH=${CMAKE_PREFIX_PATH}:/opt/ros/humble /usr/bin/cmake --build /home/nuri/ros2_urdf_tutorial_ws/build/my_robot_description -- -j6 -l6
[0.271s] Invoked command in '/home/nuri/ros2_urdf_tutorial_ws/build/my_robot_description' returned '0': CMAKE_PREFIX_PATH=${CMAKE_PREFIX_PATH}:/opt/ros/humble /usr/bin/cmake --build /home/nuri/ros2_urdf_tutorial_ws/build/my_robot_description -- -j6 -l6
[0.292s] Invoking command in '/home/nuri/ros2_urdf_tutorial_ws/build/my_robot_description': CMAKE_PREFIX_PATH=${CMAKE_PREFIX_PATH}:/opt/ros/humble /usr/bin/cmake --install /home/nuri/ros2_urdf_tutorial_ws/build/my_robot_description
[0.297s] -- Install configuration: ""
[0.298s] -- Execute custom install script
[0.298s] -- Up-to-date symlink: /home/nuri/ros2_urdf_tutorial_ws/install/my_robot_description/share/my_robot_description//urdf/common_properties.xacro
[0.298s] -- Up-to-date symlink: /home/nuri/ros2_urdf_tutorial_ws/install/my_robot_description/share/my_robot_description//urdf/mobile_base.xacro
[0.298s] -- Up-to-date symlink: /home/nuri/ros2_urdf_tutorial_ws/install/my_robot_description/share/my_robot_description//urdf/mobile_base_gazebo.xacro
[0.298s] -- Up-to-date symlink: /home/nuri/ros2_urdf_tutorial_ws/install/my_robot_description/share/my_robot_description//urdf/my_robot.urdf.xacro
[0.298s] -- Up-to-date symlink: /home/nuri/ros2_urdf_tutorial_ws/install/my_robot_description/share/my_robot_description//launch/display.launch.py
[0.298s] -- Up-to-date symlink: /home/nuri/ros2_urdf_tutorial_ws/install/my_robot_description/share/my_robot_description//launch/display.launch.xml
[0.299s] -- Up-to-date symlink: /home/nuri/ros2_urdf_tutorial_ws/install/my_robot_description/share/my_robot_description//rviz/urdf_config.rviz
[0.299s] -- Up-to-date symlink: /home/nuri/ros2_urdf_tutorial_ws/install/my_robot_description/share/ament_index/resource_index/package_run_dependencies/my_robot_description
[0.299s] -- Up-to-date symlink: /home/nuri/ros2_urdf_tutorial_ws/install/my_robot_description/share/ament_index/resource_index/parent_prefix_path/my_robot_description
[0.299s] -- Up-to-date symlink: /home/nuri/ros2_urdf_tutorial_ws/install/my_robot_description/share/my_robot_description/environment/ament_prefix_path.sh
[0.299s] -- Up-to-date symlink: /home/nuri/ros2_urdf_tutorial_ws/install/my_robot_description/share/my_robot_description/environment/ament_prefix_path.dsv
[0.299s] -- Up-to-date symlink: /home/nuri/ros2_urdf_tutorial_ws/install/my_robot_description/share/my_robot_description/environment/path.sh
[0.299s] -- Up-to-date symlink: /home/nuri/ros2_urdf_tutorial_ws/install/my_robot_description/share/my_robot_description/environment/path.dsv
[0.299s] -- Up-to-date symlink: /home/nuri/ros2_urdf_tutorial_ws/install/my_robot_description/share/my_robot_description/local_setup.bash
[0.300s] -- Up-to-date symlink: /home/nuri/ros2_urdf_tutorial_ws/install/my_robot_description/share/my_robot_description/local_setup.sh
[0.300s] -- Up-to-date symlink: /home/nuri/ros2_urdf_tutorial_ws/install/my_robot_description/share/my_robot_description/local_setup.zsh
[0.300s] -- Up-to-date symlink: /home/nuri/ros2_urdf_tutorial_ws/install/my_robot_description/share/my_robot_description/local_setup.dsv
[0.300s] -- Symlinking: /home/nuri/ros2_urdf_tutorial_ws/install/my_robot_description/share/my_robot_description/package.dsv
[0.306s] -- Up-to-date symlink: /home/nuri/ros2_urdf_tutorial_ws/install/my_robot_description/share/ament_index/resource_index/packages/my_robot_description
[0.306s] -- Up-to-date symlink: /home/nuri/ros2_urdf_tutorial_ws/install/my_robot_description/share/my_robot_description/cmake/my_robot_descriptionConfig.cmake
[0.306s] -- Up-to-date symlink: /home/nuri/ros2_urdf_tutorial_ws/install/my_robot_description/share/my_robot_description/cmake/my_robot_descriptionConfig-version.cmake
[0.306s] -- Up-to-date symlink: /home/nuri/ros2_urdf_tutorial_ws/install/my_robot_description/share/my_robot_description/package.xml
[0.308s] Invoked command in '/home/nuri/ros2_urdf_tutorial_ws/build/my_robot_description' returned '0': CMAKE_PREFIX_PATH=${CMAKE_PREFIX_PATH}:/opt/ros/humble /usr/bin/cmake --install /home/nuri/ros2_urdf_tutorial_ws/build/my_robot_description
