[0.066s] Invoking command in '/home/nuri/ros2_urdf_tutorial_ws/build/my_robot_description': CMAKE_PREFIX_PATH=${CMAKE_PREFIX_PATH}:/opt/ros/humble /usr/bin/cmake --build /home/nuri/ros2_urdf_tutorial_ws/build/my_robot_description -- -j6 -l6
[0.117s] Invoked command in '/home/nuri/ros2_urdf_tutorial_ws/build/my_robot_description' returned '0': CMAKE_PREFIX_PATH=${CMAKE_PREFIX_PATH}:/opt/ros/humble /usr/bin/cmake --build /home/nuri/ros2_urdf_tutorial_ws/build/my_robot_description -- -j6 -l6
[0.138s] Invoking command in '/home/nuri/ros2_urdf_tutorial_ws/build/my_robot_description': CMAKE_PREFIX_PATH=${CMAKE_PREFIX_PATH}:/opt/ros/humble /usr/bin/cmake --install /home/nuri/ros2_urdf_tutorial_ws/build/my_robot_description
[0.145s] -- Install configuration: ""
[0.147s] -- Execute custom install script
[0.149s] -- Symlinking: /home/nuri/ros2_urdf_tutorial_ws/install/my_robot_description/share/my_robot_description//urdf/camera.xacro
[0.155s] -- Up-to-date symlink: /home/nuri/ros2_urdf_tutorial_ws/install/my_robot_description/share/my_robot_description//urdf/common_properties.xacro
[0.156s] -- Up-to-date symlink: /home/nuri/ros2_urdf_tutorial_ws/install/my_robot_description/share/my_robot_description//urdf/mobile_base.xacro
[0.156s] -- Up-to-date symlink: /home/nuri/ros2_urdf_tutorial_ws/install/my_robot_description/share/my_robot_description//urdf/mobile_base_gazebo.xacro
[0.156s] -- Up-to-date symlink: /home/nuri/ros2_urdf_tutorial_ws/install/my_robot_description/share/my_robot_description//urdf/my_robot.urdf.xacro
[0.156s] -- Up-to-date symlink: /home/nuri/ros2_urdf_tutorial_ws/install/my_robot_description/share/my_robot_description//launch/display.launch.py
[0.156s] -- Up-to-date symlink: /home/nuri/ros2_urdf_tutorial_ws/install/my_robot_description/share/my_robot_description//launch/display.launch.xml
[0.157s] -- Up-to-date symlink: /home/nuri/ros2_urdf_tutorial_ws/install/my_robot_description/share/my_robot_description//rviz/urdf_config.rviz
[0.157s] -- Up-to-date symlink: /home/nuri/ros2_urdf_tutorial_ws/install/my_robot_description/share/ament_index/resource_index/package_run_dependencies/my_robot_description
[0.157s] -- Up-to-date symlink: /home/nuri/ros2_urdf_tutorial_ws/install/my_robot_description/share/ament_index/resource_index/parent_prefix_path/my_robot_description
[0.157s] -- Up-to-date symlink: /home/nuri/ros2_urdf_tutorial_ws/install/my_robot_description/share/my_robot_description/environment/ament_prefix_path.sh
[0.157s] -- Up-to-date symlink: /home/nuri/ros2_urdf_tutorial_ws/install/my_robot_description/share/my_robot_description/environment/ament_prefix_path.dsv
[0.157s] -- Up-to-date symlink: /home/nuri/ros2_urdf_tutorial_ws/install/my_robot_description/share/my_robot_description/environment/path.sh
[0.157s] -- Up-to-date symlink: /home/nuri/ros2_urdf_tutorial_ws/install/my_robot_description/share/my_robot_description/environment/path.dsv
[0.157s] -- Up-to-date symlink: /home/nuri/ros2_urdf_tutorial_ws/install/my_robot_description/share/my_robot_description/local_setup.bash
[0.157s] -- Up-to-date symlink: /home/nuri/ros2_urdf_tutorial_ws/install/my_robot_description/share/my_robot_description/local_setup.sh
[0.157s] -- Up-to-date symlink: /home/nuri/ros2_urdf_tutorial_ws/install/my_robot_description/share/my_robot_description/local_setup.zsh
[0.157s] -- Up-to-date symlink: /home/nuri/ros2_urdf_tutorial_ws/install/my_robot_description/share/my_robot_description/local_setup.dsv
[0.158s] -- Symlinking: /home/nuri/ros2_urdf_tutorial_ws/install/my_robot_description/share/my_robot_description/package.dsv
[0.165s] -- Up-to-date symlink: /home/nuri/ros2_urdf_tutorial_ws/install/my_robot_description/share/ament_index/resource_index/packages/my_robot_description
[0.165s] -- Up-to-date symlink: /home/nuri/ros2_urdf_tutorial_ws/install/my_robot_description/share/my_robot_description/cmake/my_robot_descriptionConfig.cmake
[0.165s] -- Up-to-date symlink: /home/nuri/ros2_urdf_tutorial_ws/install/my_robot_description/share/my_robot_description/cmake/my_robot_descriptionConfig-version.cmake
[0.165s] -- Up-to-date symlink: /home/nuri/ros2_urdf_tutorial_ws/install/my_robot_description/share/my_robot_description/package.xml
[0.166s] Invoked command in '/home/nuri/ros2_urdf_tutorial_ws/build/my_robot_description' returned '0': CMAKE_PREFIX_PATH=${CMAKE_PREFIX_PATH}:/opt/ros/humble /usr/bin/cmake --install /home/nuri/ros2_urdf_tutorial_ws/build/my_robot_description
