[0.065s] Invoking command in '/home/nuri/ros2_urdf_tutorial_ws/build/my_robot_description': CMAKE_PREFIX_PATH=${CMAKE_PREFIX_PATH}:/opt/ros/humble /usr/bin/cmake /home/nuri/ros2_urdf_tutorial_ws/src/my_robot_description -DCMAKE_INSTALL_PREFIX=/home/nuri/ros2_urdf_tutorial_ws/install/my_robot_description
[0.099s] -- Found ament_cmake: 1.3.6 (/opt/ros/humble/share/ament_cmake/cmake)
[0.238s] -- Override CMake install command with custom implementation using symlinks instead of copying resources
[0.326s] -- Configuring done
[0.335s] -- Generating done
[0.336s] -- Build files have been written to: /home/nuri/ros2_urdf_tutorial_ws/build/my_robot_description
[0.339s] Invoked command in '/home/nuri/ros2_urdf_tutorial_ws/build/my_robot_description' returned '0': CMAKE_PREFIX_PATH=${CMAKE_PREFIX_PATH}:/opt/ros/humble /usr/bin/cmake /home/nuri/ros2_urdf_tutorial_ws/src/my_robot_description -DCMAKE_INSTALL_PREFIX=/home/nuri/ros2_urdf_tutorial_ws/install/my_robot_description
[0.341s] Invoking command in '/home/nuri/ros2_urdf_tutorial_ws/build/my_robot_description': CMAKE_PREFIX_PATH=${CMAKE_PREFIX_PATH}:/opt/ros/humble /usr/bin/cmake --build /home/nuri/ros2_urdf_tutorial_ws/build/my_robot_description -- -j6 -l6
[0.374s] Invoked command in '/home/nuri/ros2_urdf_tutorial_ws/build/my_robot_description' returned '0': CMAKE_PREFIX_PATH=${CMAKE_PREFIX_PATH}:/opt/ros/humble /usr/bin/cmake --build /home/nuri/ros2_urdf_tutorial_ws/build/my_robot_description -- -j6 -l6
[0.395s] Invoking command in '/home/nuri/ros2_urdf_tutorial_ws/build/my_robot_description': CMAKE_PREFIX_PATH=${CMAKE_PREFIX_PATH}:/opt/ros/humble /usr/bin/cmake --install /home/nuri/ros2_urdf_tutorial_ws/build/my_robot_description
[0.400s] -- Install configuration: ""
[0.401s] -- Execute custom install script
[0.401s] -- Symlinking: /home/nuri/ros2_urdf_tutorial_ws/install/my_robot_description/share/my_robot_description//urdf/arm.xacro
[0.408s] -- Up-to-date symlink: /home/nuri/ros2_urdf_tutorial_ws/install/my_robot_description/share/my_robot_description//urdf/camera.xacro
[0.409s] -- Up-to-date symlink: /home/nuri/ros2_urdf_tutorial_ws/install/my_robot_description/share/my_robot_description//urdf/common_properties.xacro
[0.409s] -- Up-to-date symlink: /home/nuri/ros2_urdf_tutorial_ws/install/my_robot_description/share/my_robot_description//urdf/mobile_base.xacro
[0.410s] -- Up-to-date symlink: /home/nuri/ros2_urdf_tutorial_ws/install/my_robot_description/share/my_robot_description//urdf/mobile_base_gazebo.xacro
[0.410s] -- Up-to-date symlink: /home/nuri/ros2_urdf_tutorial_ws/install/my_robot_description/share/my_robot_description//urdf/my_robot.urdf.xacro
[0.410s] -- Symlinking: /home/nuri/ros2_urdf_tutorial_ws/install/my_robot_description/share/my_robot_description//urdf/standalone_arm.urdf.xacro
[0.417s] -- Up-to-date symlink: /home/nuri/ros2_urdf_tutorial_ws/install/my_robot_description/share/my_robot_description//launch/display.launch.py
[0.417s] -- Up-to-date symlink: /home/nuri/ros2_urdf_tutorial_ws/install/my_robot_description/share/my_robot_description//launch/display.launch.xml
[0.417s] -- Up-to-date symlink: /home/nuri/ros2_urdf_tutorial_ws/install/my_robot_description/share/my_robot_description//rviz/urdf_config.rviz
[0.418s] -- Up-to-date symlink: /home/nuri/ros2_urdf_tutorial_ws/install/my_robot_description/share/ament_index/resource_index/package_run_dependencies/my_robot_description
[0.418s] -- Up-to-date symlink: /home/nuri/ros2_urdf_tutorial_ws/install/my_robot_description/share/ament_index/resource_index/parent_prefix_path/my_robot_description
[0.418s] -- Up-to-date symlink: /home/nuri/ros2_urdf_tutorial_ws/install/my_robot_description/share/my_robot_description/environment/ament_prefix_path.sh
[0.418s] -- Up-to-date symlink: /home/nuri/ros2_urdf_tutorial_ws/install/my_robot_description/share/my_robot_description/environment/ament_prefix_path.dsv
[0.419s] -- Up-to-date symlink: /home/nuri/ros2_urdf_tutorial_ws/install/my_robot_description/share/my_robot_description/environment/path.sh
[0.419s] -- Up-to-date symlink: /home/nuri/ros2_urdf_tutorial_ws/install/my_robot_description/share/my_robot_description/environment/path.dsv
[0.419s] -- Up-to-date symlink: /home/nuri/ros2_urdf_tutorial_ws/install/my_robot_description/share/my_robot_description/local_setup.bash
[0.420s] -- Up-to-date symlink: /home/nuri/ros2_urdf_tutorial_ws/install/my_robot_description/share/my_robot_description/local_setup.sh
[0.420s] -- Up-to-date symlink: /home/nuri/ros2_urdf_tutorial_ws/install/my_robot_description/share/my_robot_description/local_setup.zsh
[0.420s] -- Up-to-date symlink: /home/nuri/ros2_urdf_tutorial_ws/install/my_robot_description/share/my_robot_description/local_setup.dsv
[0.421s] -- Symlinking: /home/nuri/ros2_urdf_tutorial_ws/install/my_robot_description/share/my_robot_description/package.dsv
[0.427s] -- Up-to-date symlink: /home/nuri/ros2_urdf_tutorial_ws/install/my_robot_description/share/ament_index/resource_index/packages/my_robot_description
[0.428s] -- Up-to-date symlink: /home/nuri/ros2_urdf_tutorial_ws/install/my_robot_description/share/my_robot_description/cmake/my_robot_descriptionConfig.cmake
[0.428s] -- Up-to-date symlink: /home/nuri/ros2_urdf_tutorial_ws/install/my_robot_description/share/my_robot_description/cmake/my_robot_descriptionConfig-version.cmake
[0.428s] -- Up-to-date symlink: /home/nuri/ros2_urdf_tutorial_ws/install/my_robot_description/share/my_robot_description/package.xml
[0.430s] Invoked command in '/home/nuri/ros2_urdf_tutorial_ws/build/my_robot_description' returned '0': CMAKE_PREFIX_PATH=${CMAKE_PREFIX_PATH}:/opt/ros/humble /usr/bin/cmake --install /home/nuri/ros2_urdf_tutorial_ws/build/my_robot_description
